{"level":"info","message":"[2015-10-14T07:32:20.701Z] HTTP server started","timestamp":"2015-10-14T07:32:20.702Z"}
{"level":"info","message":"[2015-10-14T07:32:46.106Z] Storage OK","timestamp":"2015-10-14T07:32:46.107Z"}
{"level":"info","message":"[2015-10-14T07:32:46.108Z] Variable OK","timestamp":"2015-10-14T07:32:46.108Z"}
{"level":"info","message":"[2015-10-14T07:32:46.150Z] HTTP server started","timestamp":"2015-10-14T07:32:46.150Z"}
{"level":"info","message":"[2015-10-14T07:33:31.568Z]  ========= Started ====================","timestamp":"2015-10-14T07:33:31.569Z"}
{"level":"info","message":"[2015-10-14T07:33:31.569Z] Logger OK","timestamp":"2015-10-14T07:33:31.570Z"}
{"level":"info","message":"[2015-10-14T07:33:31.570Z] Storage OK","timestamp":"2015-10-14T07:33:31.570Z"}
{"level":"info","message":"[2015-10-14T07:33:31.570Z] Variable OK","timestamp":"2015-10-14T07:33:31.570Z"}
{"level":"info","message":"[2015-10-14T07:33:31.599Z] HTTP server started","timestamp":"2015-10-14T07:33:31.599Z"}
{"level":"info","message":"[2015-10-14T07:45:50.922Z]  ========= Started ====================","timestamp":"2015-10-14T07:45:50.923Z"}
{"level":"info","message":"[2015-10-14T07:45:50.923Z] Logger OK","timestamp":"2015-10-14T07:45:50.923Z"}
{"level":"info","message":"[2015-10-14T07:45:50.924Z] Storage OK","timestamp":"2015-10-14T07:45:50.924Z"}
{"level":"info","message":"[2015-10-14T07:45:50.924Z] Variable OK","timestamp":"2015-10-14T07:45:50.924Z"}
{"level":"info","message":"[2015-10-14T07:45:51.009Z] HTTP server started","timestamp":"2015-10-14T07:45:51.009Z"}
{"level":"info","message":"[2015-10-14T08:49:18.340Z]  ========= Started ====================","timestamp":"2015-10-14T08:49:18.341Z"}
{"level":"info","message":"[2015-10-14T08:49:18.341Z] Logger OK","timestamp":"2015-10-14T08:49:18.341Z"}
{"level":"info","message":"[2015-10-14T08:49:18.341Z] Storage OK","timestamp":"2015-10-14T08:49:18.341Z"}
{"level":"info","message":"[2015-10-14T08:49:18.342Z] Variable OK","timestamp":"2015-10-14T08:49:18.342Z"}
{"level":"info","message":"[2015-10-14T08:49:18.431Z] HTTP server started","timestamp":"2015-10-14T08:49:18.431Z"}
{"level":"info","message":"[2015-10-14T08:50:15.791Z]  ========= Started ====================","timestamp":"2015-10-14T08:50:15.792Z"}
{"level":"info","message":"[2015-10-14T08:50:15.793Z] Logger OK","timestamp":"2015-10-14T08:50:15.793Z"}
{"level":"info","message":"[2015-10-14T08:50:15.793Z] Storage OK","timestamp":"2015-10-14T08:50:15.793Z"}
{"level":"info","message":"[2015-10-14T08:50:15.794Z] Variable OK","timestamp":"2015-10-14T08:50:15.794Z"}
{"level":"info","message":"[2015-10-14T08:50:15.826Z] HTTP server started","timestamp":"2015-10-14T08:50:15.826Z"}
{"level":"info","message":"[2015-10-14T08:59:17.910Z]  ========= Started ====================","timestamp":"2015-10-14T08:59:17.911Z"}
{"level":"info","message":"[2015-10-14T08:59:17.912Z] Logger OK","timestamp":"2015-10-14T08:59:17.912Z"}
{"level":"info","message":"[2015-10-14T08:59:17.912Z] Storage OK","timestamp":"2015-10-14T08:59:17.912Z"}
{"level":"info","message":"[2015-10-14T08:59:17.913Z] Variable OK","timestamp":"2015-10-14T08:59:17.913Z"}
{"level":"info","message":"[2015-10-14T08:59:17.998Z] HTTP server started","timestamp":"2015-10-14T08:59:17.998Z"}
{"level":"info","message":"[2015-10-14T09:00:26.403Z]  ========= Started ====================","timestamp":"2015-10-14T09:00:26.404Z"}
{"level":"info","message":"[2015-10-14T09:00:26.405Z] Logger OK","timestamp":"2015-10-14T09:00:26.405Z"}
{"level":"info","message":"[2015-10-14T09:00:26.405Z] Storage OK","timestamp":"2015-10-14T09:00:26.405Z"}
{"level":"info","message":"[2015-10-14T09:00:26.406Z] Variable OK","timestamp":"2015-10-14T09:00:26.406Z"}
{"level":"info","message":"[2015-10-14T09:00:26.490Z] HTTP server started","timestamp":"2015-10-14T09:00:26.490Z"}
{"level":"info","message":"[2015-10-14T09:44:35.659Z]  ========= Started ====================","timestamp":"2015-10-14T09:44:35.660Z"}
{"level":"info","message":"[2015-10-14T09:44:35.660Z] Logger OK","timestamp":"2015-10-14T09:44:35.660Z"}
{"level":"info","message":"[2015-10-14T09:44:35.661Z] Storage OK","timestamp":"2015-10-14T09:44:35.661Z"}
{"level":"info","message":"[2015-10-14T09:44:35.661Z] Variable OK","timestamp":"2015-10-14T09:44:35.661Z"}
{"level":"info","message":"[2015-10-14T09:44:35.747Z] HTTP server started","timestamp":"2015-10-14T09:44:35.747Z"}
{"level":"info","message":"[2015-10-14T09:50:02.417Z]  ========= Started ====================","timestamp":"2015-10-14T09:50:02.418Z"}
{"level":"info","message":"[2015-10-14T09:50:02.419Z] Logger OK","timestamp":"2015-10-14T09:50:02.419Z"}
{"level":"info","message":"[2015-10-14T09:50:02.419Z] Storage OK","timestamp":"2015-10-14T09:50:02.419Z"}
{"level":"info","message":"[2015-10-14T09:50:02.420Z] Variable OK","timestamp":"2015-10-14T09:50:02.420Z"}
{"level":"info","message":"[2015-10-14T09:50:02.507Z] HTTP server started","timestamp":"2015-10-14T09:50:02.507Z"}
{"level":"info","message":"[2015-10-14T09:51:45.993Z]  ========= Started ====================","timestamp":"2015-10-14T09:51:45.994Z"}
{"level":"info","message":"[2015-10-14T09:51:45.995Z] Logger OK","timestamp":"2015-10-14T09:51:45.995Z"}
{"level":"info","message":"[2015-10-14T09:51:45.995Z] Storage OK","timestamp":"2015-10-14T09:51:45.995Z"}
{"level":"info","message":"[2015-10-14T09:51:45.996Z] Variable OK","timestamp":"2015-10-14T09:51:45.996Z"}
{"level":"info","message":"[2015-10-14T09:51:46.046Z] HTTP server started","timestamp":"2015-10-14T09:51:46.046Z"}
{"level":"info","message":"[2015-10-14T09:53:43.798Z]  ========= Started ====================","timestamp":"2015-10-14T09:53:43.799Z"}
{"level":"info","message":"[2015-10-14T09:53:43.800Z] Logger OK","timestamp":"2015-10-14T09:53:43.800Z"}
{"level":"info","message":"[2015-10-14T09:53:43.800Z] Storage OK","timestamp":"2015-10-14T09:53:43.800Z"}
{"level":"info","message":"[2015-10-14T09:53:43.801Z] Variable OK","timestamp":"2015-10-14T09:53:43.801Z"}
{"level":"info","message":"[2015-10-14T09:53:43.889Z] HTTP server started","timestamp":"2015-10-14T09:53:43.889Z"}
{"level":"info","message":"[2015-10-14T09:56:07.768Z]  ========= Started ====================","timestamp":"2015-10-14T09:56:07.769Z"}
{"level":"info","message":"[2015-10-14T09:56:07.769Z] Logger OK","timestamp":"2015-10-14T09:56:07.770Z"}
{"level":"info","message":"[2015-10-14T09:56:07.770Z] Storage OK","timestamp":"2015-10-14T09:56:07.770Z"}
{"level":"info","message":"[2015-10-14T09:56:07.771Z] Variable OK","timestamp":"2015-10-14T09:56:07.771Z"}
{"level":"info","message":"[2015-10-14T09:56:07.855Z] HTTP server started","timestamp":"2015-10-14T09:56:07.855Z"}
{"level":"info","message":"[2015-10-14T09:57:06.204Z]  ========= Started ====================","timestamp":"2015-10-14T09:57:06.205Z"}
{"level":"info","message":"[2015-10-14T09:57:06.206Z] Logger OK","timestamp":"2015-10-14T09:57:06.206Z"}
{"level":"info","message":"[2015-10-14T09:57:06.206Z] Storage OK","timestamp":"2015-10-14T09:57:06.206Z"}
{"level":"info","message":"[2015-10-14T09:57:06.207Z] Variable OK","timestamp":"2015-10-14T09:57:06.207Z"}
{"level":"info","message":"[2015-10-14T09:57:06.231Z] HTTP server started","timestamp":"2015-10-14T09:57:06.231Z"}
{"level":"info","message":"[2015-10-14T09:58:47.295Z]  ========= Started ====================","timestamp":"2015-10-14T09:58:47.296Z"}
{"level":"info","message":"[2015-10-14T09:58:47.296Z] Logger OK","timestamp":"2015-10-14T09:58:47.296Z"}
{"level":"info","message":"[2015-10-14T09:58:47.296Z] Storage OK","timestamp":"2015-10-14T09:58:47.297Z"}
{"level":"info","message":"[2015-10-14T09:58:47.297Z] Variable OK","timestamp":"2015-10-14T09:58:47.297Z"}
{"level":"info","message":"[2015-10-14T09:58:47.348Z] HTTP server started","timestamp":"2015-10-14T09:58:47.348Z"}
{"level":"info","message":"[2015-10-14T09:59:22.214Z]  ========= Started ====================","timestamp":"2015-10-14T09:59:22.215Z"}
{"level":"info","message":"[2015-10-14T09:59:22.216Z] Logger OK","timestamp":"2015-10-14T09:59:22.216Z"}
{"level":"info","message":"[2015-10-14T09:59:22.216Z] Storage OK","timestamp":"2015-10-14T09:59:22.216Z"}
{"level":"info","message":"[2015-10-14T09:59:22.217Z] Variable OK","timestamp":"2015-10-14T09:59:22.217Z"}
{"level":"info","message":"[2015-10-14T09:59:22.240Z] HTTP server started","timestamp":"2015-10-14T09:59:22.240Z"}
{"level":"info","message":"[2015-10-14T10:00:09.914Z]  ========= Started ====================","timestamp":"2015-10-14T10:00:09.915Z"}
{"level":"info","message":"[2015-10-14T10:00:09.916Z] Logger OK","timestamp":"2015-10-14T10:00:09.916Z"}
{"level":"info","message":"[2015-10-14T10:00:09.916Z] Storage OK","timestamp":"2015-10-14T10:00:09.916Z"}
{"level":"info","message":"[2015-10-14T10:00:09.917Z] Variable OK","timestamp":"2015-10-14T10:00:09.917Z"}
{"level":"info","message":"[2015-10-14T10:00:09.958Z] HTTP server started","timestamp":"2015-10-14T10:00:09.959Z"}
{"level":"info","message":"[2015-10-14T10:00:39.813Z]  ========= Started ====================","timestamp":"2015-10-14T10:00:39.814Z"}
{"level":"info","message":"[2015-10-14T10:00:39.814Z] Logger OK","timestamp":"2015-10-14T10:00:39.815Z"}
{"level":"info","message":"[2015-10-14T10:00:39.815Z] Storage OK","timestamp":"2015-10-14T10:00:39.815Z"}
{"level":"info","message":"[2015-10-14T10:00:39.816Z] Variable OK","timestamp":"2015-10-14T10:00:39.816Z"}
{"level":"info","message":"[2015-10-14T10:00:39.839Z] HTTP server started","timestamp":"2015-10-14T10:00:39.839Z"}
{"level":"info","message":"[2015-10-14T12:17:39.050Z]  ========= Started ====================","timestamp":"2015-10-14T12:17:39.052Z"}
{"level":"info","message":"[2015-10-14T12:17:39.052Z] Logger OK","timestamp":"2015-10-14T12:17:39.052Z"}
{"level":"info","message":"[2015-10-14T12:17:39.053Z] Storage OK","timestamp":"2015-10-14T12:17:39.053Z"}
{"level":"info","message":"[2015-10-14T12:17:39.054Z] Variable OK","timestamp":"2015-10-14T12:17:39.054Z"}
{"level":"info","message":"[2015-10-14T12:17:39.138Z] HTTP server started","timestamp":"2015-10-14T12:17:39.138Z"}
{"level":"info","message":"[2015-10-14T12:20:29.298Z]  ========= Started ====================","timestamp":"2015-10-14T12:20:29.299Z"}
{"level":"info","message":"[2015-10-14T12:20:29.299Z] Logger OK","timestamp":"2015-10-14T12:20:29.300Z"}
{"level":"info","message":"[2015-10-14T12:20:29.300Z] Storage OK","timestamp":"2015-10-14T12:20:29.300Z"}
{"level":"info","message":"[2015-10-14T12:20:29.301Z] Variable OK","timestamp":"2015-10-14T12:20:29.301Z"}
{"level":"info","message":"[2015-10-14T12:20:29.386Z] HTTP server started","timestamp":"2015-10-14T12:20:29.386Z"}
{"level":"info","message":"[2015-10-14T12:29:43.828Z]  ========= Started ====================","timestamp":"2015-10-14T12:29:43.829Z"}
{"level":"info","message":"[2015-10-14T12:29:43.830Z] Logger OK","timestamp":"2015-10-14T12:29:43.830Z"}
{"level":"info","message":"[2015-10-14T12:29:43.830Z] Storage OK","timestamp":"2015-10-14T12:29:43.830Z"}
{"level":"info","message":"[2015-10-14T12:29:43.831Z] Variable OK","timestamp":"2015-10-14T12:29:43.831Z"}
{"level":"info","message":"[2015-10-14T12:29:43.918Z] HTTP server started","timestamp":"2015-10-14T12:29:43.918Z"}
{"level":"info","message":"[2015-10-14T12:36:09.476Z]  ========= Started ====================","timestamp":"2015-10-14T12:36:09.477Z"}
{"level":"info","message":"[2015-10-14T12:36:09.478Z] Logger OK","timestamp":"2015-10-14T12:36:09.478Z"}
{"level":"info","message":"[2015-10-14T12:36:09.478Z] Storage OK","timestamp":"2015-10-14T12:36:09.478Z"}
{"level":"info","message":"[2015-10-14T12:36:09.479Z] Variable OK","timestamp":"2015-10-14T12:36:09.479Z"}
{"level":"info","message":"[2015-10-14T12:36:09.564Z] HTTP server started","timestamp":"2015-10-14T12:36:09.564Z"}
{"level":"info","message":"[2015-10-14T12:40:27.182Z]  ========= Started ====================","timestamp":"2015-10-14T12:40:27.183Z"}
{"level":"info","message":"[2015-10-14T12:40:27.183Z] Logger OK","timestamp":"2015-10-14T12:40:27.183Z"}
{"level":"info","message":"[2015-10-14T12:40:27.184Z] Storage OK","timestamp":"2015-10-14T12:40:27.184Z"}
{"level":"info","message":"[2015-10-14T12:40:27.189Z] Variable OK","timestamp":"2015-10-14T12:40:27.189Z"}
{"level":"info","message":"[2015-10-14T12:40:27.276Z] HTTP server started","timestamp":"2015-10-14T12:40:27.276Z"}
{"level":"info","message":"[2015-10-14T12:41:32.729Z]  ========= Started ====================","timestamp":"2015-10-14T12:41:32.730Z"}
{"level":"info","message":"[2015-10-14T12:41:32.731Z] Logger OK","timestamp":"2015-10-14T12:41:32.731Z"}
{"level":"info","message":"[2015-10-14T12:41:32.731Z] Storage OK","timestamp":"2015-10-14T12:41:32.731Z"}
{"level":"info","message":"[2015-10-14T12:41:32.735Z] Variable OK","timestamp":"2015-10-14T12:41:32.735Z"}
{"level":"info","message":"[2015-10-14T12:41:32.786Z] HTTP server started","timestamp":"2015-10-14T12:41:32.786Z"}
{"level":"info","message":"[2015-10-14T13:50:38.664Z]  ========= Started ====================","timestamp":"2015-10-14T13:50:38.665Z"}
{"level":"info","message":"[2015-10-14T13:50:38.666Z] Logger OK","timestamp":"2015-10-14T13:50:38.666Z"}
{"level":"info","message":"[2015-10-14T13:50:38.666Z] Storage OK","timestamp":"2015-10-14T13:50:38.666Z"}
{"level":"info","message":"[2015-10-14T13:50:38.672Z] Variable OK","timestamp":"2015-10-14T13:50:38.672Z"}
{"level":"info","message":"[2015-10-14T13:50:38.758Z] HTTP server started","timestamp":"2015-10-14T13:50:38.759Z"}
{"level":"info","message":"[2015-10-14T13:52:06.937Z]  ========= Started ====================","timestamp":"2015-10-14T13:52:06.938Z"}
{"level":"info","message":"[2015-10-14T13:52:06.938Z] Logger OK","timestamp":"2015-10-14T13:52:06.938Z"}
{"level":"info","message":"[2015-10-14T13:52:06.938Z] Storage OK","timestamp":"2015-10-14T13:52:06.939Z"}
{"level":"info","message":"[2015-10-14T13:52:06.945Z] Variable OK","timestamp":"2015-10-14T13:52:06.945Z"}
{"level":"info","message":"[2015-10-14T13:52:06.995Z] HTTP server started","timestamp":"2015-10-14T13:52:06.995Z"}
{"level":"info","message":"[2015-10-14T13:55:17.128Z]  ========= Started ====================","timestamp":"2015-10-14T13:55:17.129Z"}
{"level":"info","message":"[2015-10-14T13:55:17.129Z] Logger OK","timestamp":"2015-10-14T13:55:17.130Z"}
{"level":"info","message":"[2015-10-14T13:55:17.130Z] Storage OK","timestamp":"2015-10-14T13:55:17.130Z"}
{"level":"info","message":"[2015-10-14T13:55:17.138Z] Variable OK","timestamp":"2015-10-14T13:55:17.138Z"}
{"level":"info","message":"[2015-10-14T13:55:17.224Z] HTTP server started","timestamp":"2015-10-14T13:55:17.224Z"}
{"level":"info","message":"[2015-10-14T13:57:57.266Z]  ========= Started ====================","timestamp":"2015-10-14T13:57:57.267Z"}
{"level":"info","message":"[2015-10-14T13:57:57.268Z] Logger OK","timestamp":"2015-10-14T13:57:57.268Z"}
{"level":"info","message":"[2015-10-14T13:57:57.268Z] Storage OK","timestamp":"2015-10-14T13:57:57.268Z"}
{"level":"info","message":"[2015-10-14T13:57:57.276Z] Variable OK","timestamp":"2015-10-14T13:57:57.276Z"}
{"level":"info","message":"[2015-10-14T13:57:57.362Z] HTTP server started","timestamp":"2015-10-14T13:57:57.363Z"}
{"level":"info","message":"[2015-10-14T17:00:57.779Z]  ========= Started ====================","timestamp":"2015-10-14T17:00:57.780Z"}
{"level":"info","message":"[2015-10-14T17:00:57.781Z] Logger OK","timestamp":"2015-10-14T17:00:57.781Z"}
{"level":"info","message":"[2015-10-14T17:00:57.781Z] Storage OK","timestamp":"2015-10-14T17:00:57.781Z"}
{"level":"info","message":"[2015-10-14T17:00:57.789Z] Variable OK","timestamp":"2015-10-14T17:00:57.789Z"}
{"level":"info","message":"[2015-10-14T17:00:57.876Z] HTTP server started","timestamp":"2015-10-14T17:00:57.876Z"}
{"level":"info","message":"[2015-10-14T17:13:06.709Z]  ========= Started ====================","timestamp":"2015-10-14T17:13:06.710Z"}
{"level":"info","message":"[2015-10-14T17:13:06.711Z] Logger OK","timestamp":"2015-10-14T17:13:06.711Z"}
{"level":"info","message":"[2015-10-14T17:13:06.711Z] Storage OK","timestamp":"2015-10-14T17:13:06.711Z"}
{"level":"info","message":"[2015-10-14T17:13:06.719Z] Variable OK","timestamp":"2015-10-14T17:13:06.719Z"}
{"level":"info","message":"[2015-10-14T17:13:06.805Z] HTTP server started","timestamp":"2015-10-14T17:13:06.805Z"}
{"level":"info","message":"[2015-10-14T17:13:47.289Z]  ========= Started ====================","timestamp":"2015-10-14T17:13:47.290Z"}
{"level":"info","message":"[2015-10-14T17:13:47.291Z] Logger OK","timestamp":"2015-10-14T17:13:47.291Z"}
{"level":"info","message":"[2015-10-14T17:13:47.291Z] Storage OK","timestamp":"2015-10-14T17:13:47.291Z"}
{"level":"info","message":"[2015-10-14T17:13:47.295Z] Variable OK","timestamp":"2015-10-14T17:13:47.295Z"}
{"level":"info","message":"[2015-10-14T17:13:47.318Z] HTTP server started","timestamp":"2015-10-14T17:13:47.318Z"}
{"level":"info","message":"[2015-10-25T14:04:00.531Z]  ========= Started ====================","timestamp":"2015-10-25T14:04:00.532Z"}
{"level":"info","message":"[2015-10-25T14:04:00.533Z] Logger OK","timestamp":"2015-10-25T14:04:00.533Z"}
{"level":"info","message":"[2015-10-25T14:04:00.533Z] Storage OK","timestamp":"2015-10-25T14:04:00.533Z"}
{"level":"info","message":"[2015-10-25T14:04:00.563Z] Variable OK","timestamp":"2015-10-25T14:04:00.563Z"}
{"level":"info","message":"[2015-10-25T14:04:00.813Z] HTTP server started","timestamp":"2015-10-25T14:04:00.813Z"}
